Success! Retrieved 88 tracks directly from the playlist metadata.
         name      artist                                             album
0    Power Up  Red Velvet                  Summer Magic - Summer Mini Album
1  Red Flavor  Red Velvet                The Red Summer - Summer Mini Album
2  Peek-A-Boo  Red Velvet                    Perfect Velvet - The 2nd Album
3     Bad Boy  Red Velvet  The Perfect Red Velvet - The 2nd Album Repackage
4  Zimzalabim  Red Velvet                         ‘The ReVe Festival’ Day 1
artist
LE SSERAFIM                    10
Red Velvet                      9
TWICE                           8
KATSEYE                         6
aespa                           6
IVE                             5
ILLIT                           4
HUNTR/X                         4
ITZY                            3
IU                              3
IZ*ONE                          2
Red Velvet - IRENE & SEULGI     2
MISAMO                          1
TZUYU                           1
NATURE                          1
Weeekly                         1
HUH YUNJIN                      1
EVERGLOW                        1
Rumi                            1
K/DA                            1
Bea Miller                      1
MAX                             1
PVRIS                           1
Arcane                          1
Imagine Dragons                 1
YOASOBI                         1
ZICO                            1
Cherry Bullet                   1
CHUU                            1
BLACKPINK                       1
KISS OF LIFE                    1
QWER                            1
Hearts2Hearts                   1
Ryce                            1
slchld                          1
niko rain                       1
Jeena                           1
LilyPichu                       1
Name: count, dtype: int64
